\BOOKMARK [0][-]{chapter.1}{Introduction}{}% 1
\BOOKMARK [0][-]{chapter.2}{Mathematical Development}{}% 2
\BOOKMARK [1][-]{section.2.1}{Introduction}{chapter.2}% 3
\BOOKMARK [1][-]{section.2.2}{Defining Chemical Pathways}{chapter.2}% 4
\BOOKMARK [1][-]{section.2.3}{Pathway Probabilities}{chapter.2}% 5
\BOOKMARK [1][-]{section.2.4}{Constructing Observables}{chapter.2}% 6
\BOOKMARK [1][-]{section.2.5}{Graph Theoretic Enumeration of Chemical Pathways}{chapter.2}% 7
\BOOKMARK [1][-]{section.2.6}{Stochastic Pathway Enumeration}{chapter.2}% 8
\BOOKMARK [0][-]{chapter.3}{Linear Kinetics}{}% 9
\BOOKMARK [1][-]{section.3.1}{Analytical Expression of Linear Kinetics}{chapter.3}% 10
\BOOKMARK [1][-]{section.3.2}{Number of Pathway vs. Pathway Length}{chapter.3}% 11
\BOOKMARK [1][-]{section.3.3}{Demonstration of Convergence of SOHR}{chapter.3}% 12
\BOOKMARK [1][-]{section.3.4}{Pathway Probabilities Changing Over Time}{chapter.3}% 13
\BOOKMARK [0][-]{chapter.4}{Kinetic Sensitivity Analysis Using Sum Over Histories Representation}{}% 14
\BOOKMARK [1][-]{section.4.1}{Abstract}{chapter.4}% 15
\BOOKMARK [1][-]{section.4.2}{Introduction}{chapter.4}% 16
\BOOKMARK [1][-]{section.4.3}{Methodology}{chapter.4}% 17
\BOOKMARK [2][-]{subsection.4.3.1}{Sum over Histories Representation}{section.4.3}% 18
\BOOKMARK [2][-]{subsection.4.3.2}{Sensitivity Analysis}{section.4.3}% 19
\BOOKMARK [1][-]{section.4.4}{Sensitivity Analysis of Hydrogen Combustion Chemistry}{chapter.4}% 20
\BOOKMARK [1][-]{section.4.5}{Description of Chemical Pathways for H2-O2 Combustion}{chapter.4}% 21
\BOOKMARK [1][-]{section.4.6}{Pathway Interpretation of Sensitivity}{chapter.4}% 22
\BOOKMARK [1][-]{section.4.7}{Conclusions}{chapter.4}% 23
\BOOKMARK [0][-]{chapter.5}{Simulating Chemical Kinetics Without Differential Equations}{}% 24
\BOOKMARK [1][-]{section.5.1}{Abstract}{chapter.5}% 25
\BOOKMARK [1][-]{section.5.2}{Introduction}{chapter.5}% 26
\BOOKMARK [1][-]{section.5.3}{The Predictive SOHR Method}{chapter.5}% 27
\BOOKMARK [-1][-]{chapter*.64}{ Bibliography}{}% 28
\BOOKMARK [0][-]{appendix.A}{Weird Exam Answers}{chapter*.64}% 29
\BOOKMARK [0][-]{appendix.B}{Ode to Spot}{chapter*.64}% 30
\BOOKMARK [0][-]{appendix.C}{The Hydrogen Combustion Model}{chapter*.64}% 31
